Preparing to run ForwardTool.
AbstractTool SolveFromPy loading model 'ToyLandingModel_activeAFO_copy.osim'
Loaded model ToyLandingModel_activeAFO from file ToyLandingModel_activeAFO_copy.osim
Couldn't find file 'sacrum.vtp'.
Couldn't find file 'pelvis.vtp'.
Couldn't find file 'l_pelvis.vtp'.
Couldn't find file 'femur_r.vtp'.
Couldn't find file 'tibia_r.vtp'.
Couldn't find file 'fibula.vtp'.
Couldn't find file 'talus.vtp'.
Couldn't find file 'foot.vtp'.
Couldn't find file 'bofoot.vtp'.
Couldn't find file 'femur_l.vtp'.
Couldn't find file 'tibia_l.vtp'.
Couldn't find file 'l_fibula.vtp'.
Couldn't find file 'l_talus.vtp'.
Couldn't find file 'l_foot.vtp'.
Couldn't find file 'l_bofoot.vtp'.
Couldn't find file 'hat_spine.vtp'.
Couldn't find file 'hat_jaw.vtp'.
Couldn't find file 'hat_skull.vtp'.
Couldn't find file 'hat_ribs.vtp'.
Couldn't find file 'afoPlate.STL'.
Couldn't find file 'afoCuff.STL'.
Couldn't find file 'sacrum.vtp'.
Couldn't find file 'pelvis.vtp'.
Couldn't find file 'l_pelvis.vtp'.
Couldn't find file 'femur_r.vtp'.
Couldn't find file 'tibia_r.vtp'.
Couldn't find file 'fibula.vtp'.
Couldn't find file 'talus.vtp'.
Couldn't find file 'foot.vtp'.
Couldn't find file 'bofoot.vtp'.
Couldn't find file 'femur_l.vtp'.
Couldn't find file 'tibia_l.vtp'.
Couldn't find file 'l_fibula.vtp'.
Couldn't find file 'l_talus.vtp'.
Couldn't find file 'l_foot.vtp'.
Couldn't find file 'l_bofoot.vtp'.
Couldn't find file 'hat_spine.vtp'.
Couldn't find file 'hat_jaw.vtp'.
Couldn't find file 'hat_skull.vtp'.
Couldn't find file 'hat_ribs.vtp'.
Couldn't find file 'afoPlate.STL'.
Couldn't find file 'afoCuff.STL'.
Couldn't find file 'sacrum.vtp'.
Couldn't find file 'pelvis.vtp'.
Couldn't find file 'l_pelvis.vtp'.
Couldn't find file 'femur_r.vtp'.
Couldn't find file 'tibia_r.vtp'.
Couldn't find file 'fibula.vtp'.
Couldn't find file 'talus.vtp'.
Couldn't find file 'foot.vtp'.
Couldn't find file 'bofoot.vtp'.
Couldn't find file 'femur_l.vtp'.
Couldn't find file 'tibia_l.vtp'.
Couldn't find file 'l_fibula.vtp'.
Couldn't find file 'l_talus.vtp'.
Couldn't find file 'l_foot.vtp'.
Couldn't find file 'l_bofoot.vtp'.
Couldn't find file 'hat_spine.vtp'.
Couldn't find file 'hat_jaw.vtp'.
Couldn't find file 'hat_skull.vtp'.
Couldn't find file 'hat_ribs.vtp'.
Couldn't find file 'afoPlate.STL'.
Couldn't find file 'afoCuff.STL'.
Running tool SolveFromPy.
No external loads will be applied (external loads file not specified).
Couldn't find file 'sacrum.vtp'.
Couldn't find file 'pelvis.vtp'.
Couldn't find file 'l_pelvis.vtp'.
Couldn't find file 'femur_r.vtp'.
Couldn't find file 'tibia_r.vtp'.
Couldn't find file 'fibula.vtp'.
Couldn't find file 'talus.vtp'.
Couldn't find file 'foot.vtp'.
Couldn't find file 'bofoot.vtp'.
Couldn't find file 'femur_l.vtp'.
Couldn't find file 'tibia_l.vtp'.
Couldn't find file 'l_fibula.vtp'.
Couldn't find file 'l_talus.vtp'.
Couldn't find file 'l_foot.vtp'.
Couldn't find file 'l_bofoot.vtp'.
Couldn't find file 'hat_spine.vtp'.
Couldn't find file 'hat_jaw.vtp'.
Couldn't find file 'hat_skull.vtp'.
Couldn't find file 'hat_ribs.vtp'.
Couldn't find file 'afoPlate.STL'.
Couldn't find file 'afoCuff.STL'.
ControlSetController::extendFinalizeFromProperties 'ActiveAFO_Edited.xml' loaded
and will replace existing ControlSet 'Control Set'.
MODEL: ToyLandingModel_activeAFO

numStates = 199
numCoordinates = 27
numSpeeds = 27
numActuators = 71
numBodies = 15
numConstraints = 0
numProbes = 0

ANALYSES (total: 0)

BODIES (total: 15)
body[0] = platform. mass: 0.1
              moments of inertia:  ~[0.001,0.001,0.001]
              products of inertia: ~[0,0,0]
body[1] = pelvis. mass: 11.777
              moments of inertia:  ~[0.1028,0.0871,0.0579]
              products of inertia: ~[0,0,0]
body[2] = femur_r. mass: 10
              moments of inertia:  ~[0.1339,0.0351,0.1412]
              products of inertia: ~[0,0,0]
body[3] = tibia_r. mass: 3.7075
              moments of inertia:  ~[0.0504,0.0051,0.0511]
              products of inertia: ~[0,0,0]
body[4] = talus_r. mass: 0.1
              moments of inertia:  ~[0.001,0.001,0.001]
              products of inertia: ~[0,0,0]
body[5] = calcn_r. mass: 1.25
              moments of inertia:  ~[0.0014,0.0039,0.0041]
              products of inertia: ~[0,0,0]
body[6] = toes_r. mass: 0.2166
              moments of inertia:  ~[0.0001,0.0002,0.0003]
              products of inertia: ~[0,0,0]
body[7] = femur_l. mass: 9.3014
              moments of inertia:  ~[0.1339,0.0351,0.1412]
              products of inertia: ~[0,0,0]
body[8] = tibia_l. mass: 3.7075
              moments of inertia:  ~[0.0504,0.0051,0.0511]
              products of inertia: ~[0,0,0]
body[9] = talus_l. mass: 0.1
              moments of inertia:  ~[0.001,0.001,0.001]
              products of inertia: ~[0,0,0]
body[10] = calcn_l. mass: 1.25
              moments of inertia:  ~[0.0014,0.0039,0.0041]
              products of inertia: ~[0,0,0]
body[11] = toes_l. mass: 0.2166
              moments of inertia:  ~[0.0001,0.0002,0.0003]
              products of inertia: ~[0,0,0]
body[12] = torso. mass: 34.2366
              moments of inertia:  ~[1.4745,0.7555,1.4314]
              products of inertia: ~[0,0,0]
body[13] = r_AFO_footplate. mass: 1.5
              moments of inertia:  ~[0.005,0.0125,0.014]
              products of inertia: ~[0,0,0]
body[14] = r_AFO_cuff. mass: 1.25
              moments of inertia:  ~[0.02,0.005,0.02]
              products of inertia: ~[0,0,0]

JOINTS (total: 15)
joint[0] = ground_platform. parent: ground_offset, child: platform_offset
joint[1] = ground_pelvis. parent: ground_offset, child: pelvis_offset
joint[2] = hip_r. parent: pelvis_offset, child: femur_r_offset
joint[3] = knee_r. parent: femur_r_offset, child: tibia_r_offset
joint[4] = ankle_r. parent: tibia_r_offset, child: talus_r_offset
joint[5] = subtalar_r. parent: talus_r_offset, child: calcn_r_offset
joint[6] = mtp_r. parent: calcn_r_offset, child: toes_r_offset
joint[7] = hip_l. parent: pelvis_offset, child: femur_l_offset
joint[8] = knee_l. parent: femur_l_offset, child: tibia_l_offset
joint[9] = ankle_l. parent: tibia_l_offset, child: talus_l_offset
joint[10] = subtalar_l. parent: talus_l_offset, child: calcn_l_offset
joint[11] = mtp_l. parent: calcn_l_offset, child: toes_l_offset
joint[12] = back. parent: pelvis_offset, child: torso_offset
joint[13] = AFO_footplate_calcn_r. parent: calcn_r_offset, child: r_AFO_footplate_offset
joint[14] = AFO_cuff_tibia_r. parent: tibia_r_offset, child: r_AFO_cuff_offset

ACTUATORS (total: 71)
actuator[0] = glut_med1_r
actuator[1] = glut_med2_r
actuator[2] = glut_med3_r
actuator[3] = bifemlh_r
actuator[4] = bifemsh_r
actuator[5] = sar_r
actuator[6] = add_mag2_r
actuator[7] = tfl_r
actuator[8] = pect_r
actuator[9] = grac_r
actuator[10] = glut_max1_r
actuator[11] = glut_max2_r
actuator[12] = glut_max3_r
actuator[13] = iliacus_r
actuator[14] = psoas_r
actuator[15] = quad_fem_r
actuator[16] = gem_r
actuator[17] = peri_r
actuator[18] = rect_fem_r
actuator[19] = vas_int_r
actuator[20] = med_gas_r
actuator[21] = lat_gas_r
actuator[22] = soleus_r
actuator[23] = tib_post_r
actuator[24] = flex_dig_r
actuator[25] = flex_hal_r
actuator[26] = tib_ant_r
actuator[27] = per_brev_r
actuator[28] = per_long_r
actuator[29] = per_tert_r
actuator[30] = ext_dig_r
actuator[31] = ext_hal_r
actuator[32] = glut_med1_l
actuator[33] = glut_med2_l
actuator[34] = glut_med3_l
actuator[35] = bifemlh_l
actuator[36] = bifemsh_l
actuator[37] = sar_l
actuator[38] = add_mag2_l
actuator[39] = tfl_l
actuator[40] = pect_l
actuator[41] = grac_l
actuator[42] = glut_max1_l
actuator[43] = glut_max2_l
actuator[44] = glut_max3_l
actuator[45] = iliacus_l
actuator[46] = psoas_l
actuator[47] = quad_fem_l
actuator[48] = gem_l
actuator[49] = peri_l
actuator[50] = rect_fem_l
actuator[51] = vas_int_l
actuator[52] = med_gas_l
actuator[53] = lat_gas_l
actuator[54] = soleus_l
actuator[55] = tib_post_l
actuator[56] = flex_dig_l
actuator[57] = flex_hal_l
actuator[58] = tib_ant_l
actuator[59] = per_brev_l
actuator[60] = per_long_l
actuator[61] = per_tert_l
actuator[62] = ext_dig_l
actuator[63] = ext_hal_l
actuator[64] = ercspn_r
actuator[65] = ercspn_l
actuator[66] = intobl_r
actuator[67] = intobl_l
actuator[68] = extobl_r
actuator[69] = extobl_l
actuator[70] = ActiveAFO

STATES (total: 194)
y[0] = /jointset/ground_platform/platform_rx/value
y[1] = /jointset/ground_platform/platform_rx/speed
y[2] = /jointset/ground_platform/platform_ry/value
y[3] = /jointset/ground_platform/platform_ry/speed
y[4] = /jointset/ground_platform/platform_rz/value
y[5] = /jointset/ground_platform/platform_rz/speed
y[6] = /jointset/ground_platform/platform_ty/value
y[7] = /jointset/ground_platform/platform_ty/speed
y[8] = /jointset/ground_pelvis/pelvis_tilt/value
y[9] = /jointset/ground_pelvis/pelvis_tilt/speed
y[10] = /jointset/ground_pelvis/pelvis_list/value
y[11] = /jointset/ground_pelvis/pelvis_list/speed
y[12] = /jointset/ground_pelvis/pelvis_rotation/value
y[13] = /jointset/ground_pelvis/pelvis_rotation/speed
y[14] = /jointset/ground_pelvis/pelvis_tx/value
y[15] = /jointset/ground_pelvis/pelvis_tx/speed
y[16] = /jointset/ground_pelvis/pelvis_ty/value
y[17] = /jointset/ground_pelvis/pelvis_ty/speed
y[18] = /jointset/ground_pelvis/pelvis_tz/value
y[19] = /jointset/ground_pelvis/pelvis_tz/speed
y[20] = /jointset/hip_r/hip_flexion_r/value
y[21] = /jointset/hip_r/hip_flexion_r/speed
y[22] = /jointset/hip_r/hip_adduction_r/value
y[23] = /jointset/hip_r/hip_adduction_r/speed
y[24] = /jointset/hip_r/hip_rotation_r/value
y[25] = /jointset/hip_r/hip_rotation_r/speed
y[26] = /jointset/knee_r/knee_angle_r/value
y[27] = /jointset/knee_r/knee_angle_r/speed
y[28] = /jointset/ankle_r/ankle_angle_r/value
y[29] = /jointset/ankle_r/ankle_angle_r/speed
y[30] = /jointset/subtalar_r/subtalar_angle_r/value
y[31] = /jointset/subtalar_r/subtalar_angle_r/speed
y[32] = /jointset/mtp_r/mtp_angle_r/value
y[33] = /jointset/mtp_r/mtp_angle_r/speed
y[34] = /jointset/hip_l/hip_flexion_l/value
y[35] = /jointset/hip_l/hip_flexion_l/speed
y[36] = /jointset/hip_l/hip_adduction_l/value
y[37] = /jointset/hip_l/hip_adduction_l/speed
y[38] = /jointset/hip_l/hip_rotation_l/value
y[39] = /jointset/hip_l/hip_rotation_l/speed
y[40] = /jointset/knee_l/knee_angle_l/value
y[41] = /jointset/knee_l/knee_angle_l/speed
y[42] = /jointset/ankle_l/ankle_angle_l/value
y[43] = /jointset/ankle_l/ankle_angle_l/speed
y[44] = /jointset/subtalar_l/subtalar_angle_l/value
y[45] = /jointset/subtalar_l/subtalar_angle_l/speed
y[46] = /jointset/mtp_l/mtp_angle_l/value
y[47] = /jointset/mtp_l/mtp_angle_l/speed
y[48] = /jointset/back/lumbar_extension/value
y[49] = /jointset/back/lumbar_extension/speed
y[50] = /jointset/back/lumbar_bending/value
y[51] = /jointset/back/lumbar_bending/speed
y[52] = /jointset/back/lumbar_rotation/value
y[53] = /jointset/back/lumbar_rotation/speed
y[54] = /forceset/glut_med1_r/activation
y[55] = /forceset/glut_med1_r/fiber_length
y[56] = /forceset/glut_med2_r/activation
y[57] = /forceset/glut_med2_r/fiber_length
y[58] = /forceset/glut_med3_r/activation
y[59] = /forceset/glut_med3_r/fiber_length
y[60] = /forceset/bifemlh_r/activation
y[61] = /forceset/bifemlh_r/fiber_length
y[62] = /forceset/bifemsh_r/activation
y[63] = /forceset/bifemsh_r/fiber_length
y[64] = /forceset/sar_r/activation
y[65] = /forceset/sar_r/fiber_length
y[66] = /forceset/add_mag2_r/activation
y[67] = /forceset/add_mag2_r/fiber_length
y[68] = /forceset/tfl_r/activation
y[69] = /forceset/tfl_r/fiber_length
y[70] = /forceset/pect_r/activation
y[71] = /forceset/pect_r/fiber_length
y[72] = /forceset/grac_r/activation
y[73] = /forceset/grac_r/fiber_length
y[74] = /forceset/glut_max1_r/activation
y[75] = /forceset/glut_max1_r/fiber_length
y[76] = /forceset/glut_max2_r/activation
y[77] = /forceset/glut_max2_r/fiber_length
y[78] = /forceset/glut_max3_r/activation
y[79] = /forceset/glut_max3_r/fiber_length
y[80] = /forceset/iliacus_r/activation
y[81] = /forceset/iliacus_r/fiber_length
y[82] = /forceset/psoas_r/activation
y[83] = /forceset/psoas_r/fiber_length
y[84] = /forceset/quad_fem_r/activation
y[85] = /forceset/quad_fem_r/fiber_length
y[86] = /forceset/gem_r/activation
y[87] = /forceset/gem_r/fiber_length
y[88] = /forceset/peri_r/activation
y[89] = /forceset/peri_r/fiber_length
y[90] = /forceset/rect_fem_r/activation
y[91] = /forceset/rect_fem_r/fiber_length
y[92] = /forceset/vas_int_r/activation
y[93] = /forceset/vas_int_r/fiber_length
y[94] = /forceset/med_gas_r/activation
y[95] = /forceset/med_gas_r/fiber_length
y[96] = /forceset/lat_gas_r/activation
y[97] = /forceset/lat_gas_r/fiber_length
y[98] = /forceset/soleus_r/activation
y[99] = /forceset/soleus_r/fiber_length
y[100] = /forceset/tib_post_r/activation
y[101] = /forceset/tib_post_r/fiber_length
y[102] = /forceset/flex_dig_r/activation
y[103] = /forceset/flex_dig_r/fiber_length
y[104] = /forceset/flex_hal_r/activation
y[105] = /forceset/flex_hal_r/fiber_length
y[106] = /forceset/tib_ant_r/activation
y[107] = /forceset/tib_ant_r/fiber_length
y[108] = /forceset/per_brev_r/activation
y[109] = /forceset/per_brev_r/fiber_length
y[110] = /forceset/per_long_r/activation
y[111] = /forceset/per_long_r/fiber_length
y[112] = /forceset/per_tert_r/activation
y[113] = /forceset/per_tert_r/fiber_length
y[114] = /forceset/ext_dig_r/activation
y[115] = /forceset/ext_dig_r/fiber_length
y[116] = /forceset/ext_hal_r/activation
y[117] = /forceset/ext_hal_r/fiber_length
y[118] = /forceset/glut_med1_l/activation
y[119] = /forceset/glut_med1_l/fiber_length
y[120] = /forceset/glut_med2_l/activation
y[121] = /forceset/glut_med2_l/fiber_length
y[122] = /forceset/glut_med3_l/activation
y[123] = /forceset/glut_med3_l/fiber_length
y[124] = /forceset/bifemlh_l/activation
y[125] = /forceset/bifemlh_l/fiber_length
y[126] = /forceset/bifemsh_l/activation
y[127] = /forceset/bifemsh_l/fiber_length
y[128] = /forceset/sar_l/activation
y[129] = /forceset/sar_l/fiber_length
y[130] = /forceset/add_mag2_l/activation
y[131] = /forceset/add_mag2_l/fiber_length
y[132] = /forceset/tfl_l/activation
y[133] = /forceset/tfl_l/fiber_length
y[134] = /forceset/pect_l/activation
y[135] = /forceset/pect_l/fiber_length
y[136] = /forceset/grac_l/activation
y[137] = /forceset/grac_l/fiber_length
y[138] = /forceset/glut_max1_l/activation
y[139] = /forceset/glut_max1_l/fiber_length
y[140] = /forceset/glut_max2_l/activation
y[141] = /forceset/glut_max2_l/fiber_length
y[142] = /forceset/glut_max3_l/activation
y[143] = /forceset/glut_max3_l/fiber_length
y[144] = /forceset/iliacus_l/activation
y[145] = /forceset/iliacus_l/fiber_length
y[146] = /forceset/psoas_l/activation
y[147] = /forceset/psoas_l/fiber_length
y[148] = /forceset/quad_fem_l/activation
y[149] = /forceset/quad_fem_l/fiber_length
y[150] = /forceset/gem_l/activation
y[151] = /forceset/gem_l/fiber_length
y[152] = /forceset/peri_l/activation
y[153] = /forceset/peri_l/fiber_length
y[154] = /forceset/rect_fem_l/activation
y[155] = /forceset/rect_fem_l/fiber_length
y[156] = /forceset/vas_int_l/activation
y[157] = /forceset/vas_int_l/fiber_length
y[158] = /forceset/med_gas_l/activation
y[159] = /forceset/med_gas_l/fiber_length
y[160] = /forceset/lat_gas_l/activation
y[161] = /forceset/lat_gas_l/fiber_length
y[162] = /forceset/soleus_l/activation
y[163] = /forceset/soleus_l/fiber_length
y[164] = /forceset/tib_post_l/activation
y[165] = /forceset/tib_post_l/fiber_length
y[166] = /forceset/flex_dig_l/activation
y[167] = /forceset/flex_dig_l/fiber_length
y[168] = /forceset/flex_hal_l/activation
y[169] = /forceset/flex_hal_l/fiber_length
y[170] = /forceset/tib_ant_l/activation
y[171] = /forceset/tib_ant_l/fiber_length
y[172] = /forceset/per_brev_l/activation
y[173] = /forceset/per_brev_l/fiber_length
y[174] = /forceset/per_long_l/activation
y[175] = /forceset/per_long_l/fiber_length
y[176] = /forceset/per_tert_l/activation
y[177] = /forceset/per_tert_l/fiber_length
y[178] = /forceset/ext_dig_l/activation
y[179] = /forceset/ext_dig_l/fiber_length
y[180] = /forceset/ext_hal_l/activation
y[181] = /forceset/ext_hal_l/fiber_length
y[182] = /forceset/ercspn_r/activation
y[183] = /forceset/ercspn_r/fiber_length
y[184] = /forceset/ercspn_l/activation
y[185] = /forceset/ercspn_l/fiber_length
y[186] = /forceset/intobl_r/activation
y[187] = /forceset/intobl_r/fiber_length
y[188] = /forceset/intobl_l/activation
y[189] = /forceset/intobl_l/fiber_length
y[190] = /forceset/extobl_r/activation
y[191] = /forceset/extobl_r/fiber_length
y[192] = /forceset/extobl_l/activation
y[193] = /forceset/extobl_l/fiber_length


Integrating from 0 to 0.4
Printing results of investigation SolveFromPy to ..
